<?xml version="1.0" encoding="UTF-8"?>
<!-- Generated by org.testng.reporters.JUnitXMLReporter -->
<testsuite ignored="0" hostname="LAPTOP-B8RU0JF4" failures="0" tests="4" name="Default test" time="27.696" errors="0" timestamp="2024-11-22T11:08:33 IST">
  <testcase classname="com.testng.DataProviderTest" name="login" time="10.057"/>
  <testcase classname="com.testng.DataProviderTest" name="login" time="6.547"/>
  <testcase classname="com.testng.DataProviderTest" name="login" time="4.676"/>
  <testcase classname="com.testng.DataProviderTest" name="login" time="6.36"/>
</testsuite> <!-- Default test -->
