<?xml version="1.0" encoding="UTF-8"?>
<!-- Generated by org.testng.reporters.JUnitXMLReporter -->
<testsuite ignored="0" hostname="LAPTOP-B8RU0JF4" failures="0" tests="6" name="Test" time="14.794" errors="0" timestamp="2024-11-18T13:26:43 IST">
  <testcase classname="com.testng.CrossBrowserTesting" name="chromeBrowser" time="5.598"/>
  <testcase classname="com.testng.CrossBrowserTesting" name="edgeBrowser" time="3.599"/>
  <testcase classname="com.testng.CrossBrowserTesting" name="firefoxBrowser" time="5.398"/>
  <testcase classname="com.testng.SimpleAnnotations" name="kids" time="0.014"/>
  <testcase classname="com.testng.SimpleAnnotations" name="men" time="0.008"/>
  <testcase classname="com.testng.SimpleAnnotations" name="women" time="0.008"/>
</testsuite> <!-- Test -->
