<?xml version="1.0" encoding="UTF-8"?>
<testng-results ignored="0" total="4" passed="4" failed="0" skipped="0">
  <reporter-output>
  </reporter-output>
  <suite started-at="2024-11-22T11:08:05 IST" name="Default suite" finished-at="2024-11-22T11:08:33 IST" duration-ms="27696">
    <groups>
    </groups>
    <test started-at="2024-11-22T11:08:05 IST" name="Default test" finished-at="2024-11-22T11:08:33 IST" duration-ms="27696">
      <class name="com.testng.DataProviderTest">
        <test-method signature="login(java.lang.String,java.lang.String)[pri:0, instance:com.testng.DataProviderTest@45752059]" started-at="2024-11-22T11:08:05 IST" name="login" data-provider="login" finished-at="2024-11-22T11:08:15 IST" duration-ms="10057" status="PASS">
          <params>
            <param index="0">
              <value>
                <![CDATA[Admin]]>
              </value>
            </param>
            <param index="1">
              <value>
                <![CDATA[admin123]]>
              </value>
            </param>
          </params>
          <reporter-output>
          </reporter-output>
        </test-method> <!-- login -->
        <test-method signature="login(java.lang.String,java.lang.String)[pri:0, instance:com.testng.DataProviderTest@45752059]" started-at="2024-11-22T11:08:15 IST" name="login" data-provider="login" finished-at="2024-11-22T11:08:22 IST" duration-ms="6547" status="PASS">
          <params>
            <param index="0">
              <value>
                <![CDATA[Abc]]>
              </value>
            </param>
            <param index="1">
              <value>
                <![CDATA[123]]>
              </value>
            </param>
          </params>
          <reporter-output>
          </reporter-output>
        </test-method> <!-- login -->
        <test-method signature="login(java.lang.String,java.lang.String)[pri:0, instance:com.testng.DataProviderTest@45752059]" started-at="2024-11-22T11:08:22 IST" name="login" data-provider="login" finished-at="2024-11-22T11:08:26 IST" duration-ms="4676" status="PASS">
          <params>
            <param index="0">
              <value>
                <![CDATA[Admin]]>
              </value>
            </param>
            <param index="1">
              <value>
                <![CDATA[1234]]>
              </value>
            </param>
          </params>
          <reporter-output>
          </reporter-output>
        </test-method> <!-- login -->
        <test-method signature="login(java.lang.String,java.lang.String)[pri:0, instance:com.testng.DataProviderTest@45752059]" started-at="2024-11-22T11:08:26 IST" name="login" data-provider="login" finished-at="2024-11-22T11:08:33 IST" duration-ms="6360" status="PASS">
          <params>
            <param index="0">
              <value>
                <![CDATA[ ]]>
              </value>
            </param>
            <param index="1">
              <value>
                <![CDATA[ ]]>
              </value>
            </param>
          </params>
          <reporter-output>
          </reporter-output>
        </test-method> <!-- login -->
      </class> <!-- com.testng.DataProviderTest -->
    </test> <!-- Default test -->
  </suite> <!-- Default suite -->
</testng-results>
